#
# A fatal error has been detected by the Java Runtime Environment:
#
#  EXCEPTION_ACCESS_VIOLATION (0xc0000005) at pc=0x00000000765ef6d0, pid=28344, tid=0x0000000000006e30
#
# JRE version: OpenJDK Runtime Environment (8.0_202-b03) (build 1.8.0_202-release-1483-b03)
# Java VM: OpenJDK 64-Bit Server VM (25.202-b03 mixed mode windows-amd64 compressed oops)
# Problematic frame:
# V  [jvm.dll+0x46f6d0]
#
# Failed to write core dump. Minidumps are not enabled by default on client versions of Windows
#
# If you would like to submit a bug report, please visit:
#   http://bugreport.java.com/bugreport/crash.jsp
#

---------------  T H R E A D  ---------------

Current thread (0x000000001678b000):  JavaThread "C2 CompilerThread0" daemon [_thread_in_native, id=28208, stack(0x00000000180d0000,0x00000000181d0000)]

siginfo: ExceptionCode=0xc0000005, writing address 0x0000000000000000

Registers:
RAX=0x0000000000000000, RBX=0x000000001e59cbb0, RCX=0x00000000181cc580, RDX=0x0000000000000034
RSP=0x00000000181cc4e8, RBP=0x0000000000001205, RSI=0x00000000181cc8a0, RDI=0x000000000000175f
R8 =0x0000000000000020, R9 =0x000000001b9b0140, R10=0x0000000076180000, R11=0x000000001e6c43d0
R12=0x000000007694a650, R13=0x000000001e77b280, R14=0x0000000000172580, R15=0x0000000076180000
RIP=0x00000000765ef6d0, EFLAGS=0x0000000000010246

Top of Stack: (sp=0x00000000181cc4e8)
0x00000000181cc4e8:   00000000765b83ff 00000000181cc8c0
0x00000000181cc4f8:   000000001e598fb0 0000000000001205
0x00000000181cc508:   00000000181cc8a0 000034f100000000
0x00000000181cc518:   0000000000000008 000000001dc9ccc0
0x00000000181cc528:   0000000000000039 000000001cd6be60
0x00000000181cc538:   0000000000000039 000000001e6c4150
0x00000000181cc548:   000037ef00000000 0000000000000008
0x00000000181cc558:   000000001de189a0 0000000000000039
0x00000000181cc568:   00000000199b1858 0000000000000039
0x00000000181cc578:   000000001e567370 0000176400000000
0x00000000181cc588:   0000000000000003 000000001d969be0
0x00000000181cc598:   0000000000000018 000000001de29c80
0x00000000181cc5a8:   0000000000000039 00000000181cc8c0
0x00000000181cc5b8:   0000000000000039 000000001b7faa98
0x00000000181cc5c8:   00000000181cc8a0 0000000000001205
0x00000000181cc5d8:   000000001e6c4150 00000000000034e8 

Instructions: (pc=0x00000000765ef6d0)
0x00000000765ef6b0:   bb 90 00 00 00 72 e9 48 8b 5c 24 40 48 83 c4 20
0x00000000765ef6c0:   5f c3 cc cc cc cc cc cc cc cc cc cc cc cc cc cc
0x00000000765ef6d0:   40 57 48 83 ec 20 48 63 51 08 48 8b f9 83 fa 08
0x00000000765ef6e0:   73 22 48 8b 41 10 48 8d 0c 90 66 0f 1f 44 00 00 


Register to memory mapping:

RAX=0x0000000000000000 is an unknown value
RBX=0x000000001e59cbb0 is an unknown value
RCX=0x00000000181cc580 is pointing into the stack for thread: 0x000000001678b000
RDX=0x0000000000000034 is an unknown value
RSP=0x00000000181cc4e8 is pointing into the stack for thread: 0x000000001678b000
RBP=0x0000000000001205 is an unknown value
RSI=0x00000000181cc8a0 is pointing into the stack for thread: 0x000000001678b000
RDI=0x000000000000175f is an unknown value
R8 =0x0000000000000020 is an unknown value
R9 =0x000000001b9b0140 is an unknown value
R10=0x0000000076180000 is an unknown value
R11=0x000000001e6c43d0 is an unknown value
R12=0x000000007694a650 is an unknown value
R13=0x000000001e77b280 is an unknown value
R14=0x0000000000172580 is an unknown value
R15=0x0000000076180000 is an unknown value


Stack: [0x00000000180d0000,0x00000000181d0000],  sp=0x00000000181cc4e8,  free space=1009k
Native frames: (J=compiled Java code, j=interpreted, Vv=VM code, C=native code)
V  [jvm.dll+0x46f6d0]
V  [jvm.dll+0x4383ff]
V  [jvm.dll+0x439f18]
V  [jvm.dll+0x43a106]
V  [jvm.dll+0x437c44]
V  [jvm.dll+0x436db4]
V  [jvm.dll+0x4419bb]
V  [jvm.dll+0x4442b8]
V  [jvm.dll+0x4273d2]
V  [jvm.dll+0x8215f]
V  [jvm.dll+0x82abf]
V  [jvm.dll+0x21db7f]
V  [jvm.dll+0x26f5ba]
C  [msvcr100.dll+0x21d9f]
C  [msvcr100.dll+0x21e3b]
C  [KERNEL32.DLL+0x13d2]
C  [ntdll.dll+0x154f4]


Current CompileTask:
C2:  16381 1416       4       java.net.URLClassLoader$1::run (5 bytes)


---------------  P R O C E S S  ---------------

Java Threads: ( => current thread )
  0x0000000018eeb000 JavaThread "Cache worker for file hash cache (D:\programming\Android\apps\AccountBook\.gradle\5.4.1\fileHashes)" [_thread_blocked, id=27236, stack(0x000000001d1a0000,0x000000001d2a0000)]
  0x0000000018ee9000 JavaThread "Cache worker for journal cache (C:\Users\Zhang\.gradle\caches\journal-1)" [_thread_blocked, id=25980, stack(0x000000001b000000,0x000000001b100000)]
  0x0000000018ee9800 JavaThread "File lock request listener" [_thread_in_native, id=28340, stack(0x000000001af00000,0x000000001b000000)]
  0x000000001916e000 JavaThread "Cache worker for file hash cache (C:\Users\Zhang\.gradle\caches\5.4.1\fileHashes)" [_thread_blocked, id=27904, stack(0x000000001ac00000,0x000000001ad00000)]
  0x0000000017c75800 JavaThread "Thread-9" [_thread_blocked, id=7668, stack(0x000000001ab00000,0x000000001ac00000)]
  0x0000000018c95000 JavaThread "Stdin handler" [_thread_blocked, id=16068, stack(0x000000001aa00000,0x000000001ab00000)]
  0x0000000018c94800 JavaThread "Asynchronous log dispatcher for DefaultDaemonConnection: socket connection from /127.0.0.1:54919 to /127.0.0.1:54920" [_thread_blocked, id=23628, stack(0x000000001a900000,0x000000001aa00000)]
  0x0000000018c92800 JavaThread "Daemon worker" [_thread_in_vm, id=26924, stack(0x000000001a800000,0x000000001a900000)]
  0x0000000017e8b800 JavaThread "Cancel handler" [_thread_blocked, id=28472, stack(0x000000001a700000,0x000000001a800000)]
  0x0000000017cf4000 JavaThread "Handler for socket connection from /127.0.0.1:54919 to /127.0.0.1:54920" [_thread_in_native, id=25360, stack(0x000000001a400000,0x000000001a500000)]
  0x0000000017ddf800 JavaThread "Daemon" [_thread_blocked, id=25696, stack(0x000000001a300000,0x000000001a400000)]
  0x0000000017e5d800 JavaThread "Daemon periodic checks" [_thread_blocked, id=28440, stack(0x000000001a200000,0x000000001a300000)]
  0x0000000017e58800 JavaThread "Incoming local TCP Connector on port 54919" [_thread_in_native, id=28220, stack(0x000000001a0a0000,0x000000001a1a0000)]
  0x0000000019752800 JavaThread "Daemon health stats" [_thread_blocked, id=27860, stack(0x0000000019da0000,0x0000000019ea0000)]
  0x0000000017b26800 JavaThread "Service Thread" daemon [_thread_blocked, id=27792, stack(0x00000000183d0000,0x00000000184d0000)]
  0x00000000167de800 JavaThread "C1 CompilerThread2" daemon [_thread_blocked, id=25748, stack(0x00000000182d0000,0x00000000183d0000)]
  0x00000000167db000 JavaThread "C2 CompilerThread1" daemon [_thread_in_native, id=28120, stack(0x00000000181d0000,0x00000000182d0000)]
=>0x000000001678b000 JavaThread "C2 CompilerThread0" daemon [_thread_in_native, id=28208, stack(0x00000000180d0000,0x00000000181d0000)]
  0x00000000167d8800 JavaThread "Attach Listener" daemon [_thread_blocked, id=20384, stack(0x0000000017fd0000,0x00000000180d0000)]
  0x0000000017ad8800 JavaThread "Signal Dispatcher" daemon [_thread_blocked, id=21080, stack(0x0000000017ed0000,0x0000000017fd0000)]
  0x0000000002e0b000 JavaThread "Finalizer" daemon [_thread_blocked, id=19144, stack(0x00000000179d0000,0x0000000017ad0000)]
  0x0000000016769000 JavaThread "Reference Handler" daemon [_thread_blocked, id=26764, stack(0x00000000178d0000,0x00000000179d0000)]
  0x0000000002c0e000 JavaThread "main" [_thread_blocked, id=25984, stack(0x0000000002c10000,0x0000000002d10000)]

Other Threads:
  0x0000000016747000 VMThread [stack: 0x00000000177d0000,0x00000000178d0000] [id=28616]
  0x0000000017b27000 WatcherThread [stack: 0x00000000184d0000,0x00000000185d0000] [id=27516]

VM state:not at safepoint (normal execution)

VM Mutex/Monitor currently owned by a thread: None

heap address: 0x00000000a0000000, size: 1536 MB, Compressed Oops mode: 32-bit
Narrow klass base: 0x0000000000000000, Narrow klass shift: 3
Compressed class space size: 1073741824 Address: 0x0000000100000000

Heap:
 PSYoungGen      total 38400K, used 27948K [0x00000000e0000000, 0x00000000e4b00000, 0x0000000100000000)
  eden space 33280K, 68% used [0x00000000e0000000,0x00000000e1651120,0x00000000e2080000)
  from space 5120K, 99% used [0x00000000e2580000,0x00000000e2a7a020,0x00000000e2a80000)
  to   space 5120K, 0% used [0x00000000e2080000,0x00000000e2080000,0x00000000e2580000)
 ParOldGen       total 87552K, used 5309K [0x00000000a0000000, 0x00000000a5580000, 0x00000000e0000000)
  object space 87552K, 6% used [0x00000000a0000000,0x00000000a052f7e8,0x00000000a5580000)
 Metaspace       used 18146K, capacity 18684K, committed 19072K, reserved 1064960K
  class space    used 2630K, capacity 2818K, committed 2944K, reserved 1048576K

Card table byte_map: [0x00000000121d0000,0x00000000124e0000] byte_map_base: 0x0000000011cd0000

Marking Bits: (ParMarkBitMap*) 0x0000000076949f30
 Begin Bits: [0x0000000012ae0000, 0x00000000142e0000)
 End Bits:   [0x00000000142e0000, 0x0000000015ae0000)

Polling page: 0x0000000002820000

CodeCache: size=245760Kb used=4916Kb max_used=4916Kb free=240843Kb
 bounds [0x0000000002e10000, 0x00000000032f0000, 0x0000000011e10000]
 total_blobs=1872 nmethods=1462 adapters=323
 compilation: enabled

Compilation events (10 events):
Event: 16.136 Thread 0x00000000167de800 1580       3       org.objectweb.asm.ByteVector::putShort (52 bytes)
Event: 16.136 Thread 0x00000000167de800 nmethod 1580 0x00000000032ccc10 code [0x00000000032ccd80, 0x00000000032ccfc8]
Event: 16.136 Thread 0x00000000167de800 1579       1       org.objectweb.asm.SymbolTable::getMajorVersion (5 bytes)
Event: 16.137 Thread 0x00000000167de800 nmethod 1579 0x00000000032cd150 code [0x00000000032cd2a0, 0x00000000032cd3b0]
Event: 16.137 Thread 0x00000000167de800 1578       3       org.objectweb.asm.Frame::push (109 bytes)
Event: 16.137 Thread 0x00000000167de800 nmethod 1578 0x00000000032cd410 code [0x00000000032cd5a0, 0x00000000032cda78]
Event: 16.137 Thread 0x00000000167de800 1574       3       org.objectweb.asm.ByteVector::putByte (39 bytes)
Event: 16.137 Thread 0x00000000167de800 nmethod 1574 0x00000000032cdc50 code [0x00000000032cddc0, 0x00000000032cdfe8]
Event: 16.137 Thread 0x00000000167de800 1575       3       org.objectweb.asm.Symbol::<init> (38 bytes)
Event: 16.138 Thread 0x00000000167de800 nmethod 1575 0x00000000032ce110 code [0x00000000032ce260, 0x00000000032ce470]

GC Heap History (8 events):
Event: 8.495 GC heap before
{Heap before GC invocations=1 (full 0):
 PSYoungGen      total 38400K, used 33280K [0x00000000e0000000, 0x00000000e2a80000, 0x0000000100000000)
  eden space 33280K, 100% used [0x00000000e0000000,0x00000000e2080000,0x00000000e2080000)
  from space 5120K, 0% used [0x00000000e2580000,0x00000000e2580000,0x00000000e2a80000)
  to   space 5120K, 0% used [0x00000000e2080000,0x00000000e2080000,0x00000000e2580000)
 ParOldGen       total 87552K, used 0K [0x00000000a0000000, 0x00000000a5580000, 0x00000000e0000000)
  object space 87552K, 0% used [0x00000000a0000000,0x00000000a0000000,0x00000000a5580000)
 Metaspace       used 7024K, capacity 7258K, committed 7424K, reserved 1056768K
  class space    used 855K, capacity 910K, committed 1024K, reserved 1048576K
Event: 8.505 GC heap after
Heap after GC invocations=1 (full 0):
 PSYoungGen      total 38400K, used 4548K [0x00000000e0000000, 0x00000000e2a80000, 0x0000000100000000)
  eden space 33280K, 0% used [0x00000000e0000000,0x00000000e0000000,0x00000000e2080000)
  from space 5120K, 88% used [0x00000000e2080000,0x00000000e24f13d0,0x00000000e2580000)
  to   space 5120K, 0% used [0x00000000e2580000,0x00000000e2580000,0x00000000e2a80000)
 ParOldGen       total 87552K, used 8K [0x00000000a0000000, 0x00000000a5580000, 0x00000000e0000000)
  object space 87552K, 0% used [0x00000000a0000000,0x00000000a0002000,0x00000000a5580000)
 Metaspace       used 7024K, capacity 7258K, committed 7424K, reserved 1056768K
  class space    used 855K, capacity 910K, committed 1024K, reserved 1048576K
}
Event: 14.644 GC heap before
{Heap before GC invocations=2 (full 0):
 PSYoungGen      total 38400K, used 37828K [0x00000000e0000000, 0x00000000e2a80000, 0x0000000100000000)
  eden space 33280K, 100% used [0x00000000e0000000,0x00000000e2080000,0x00000000e2080000)
  from space 5120K, 88% used [0x00000000e2080000,0x00000000e24f13d0,0x00000000e2580000)
  to   space 5120K, 0% used [0x00000000e2580000,0x00000000e2580000,0x00000000e2a80000)
 ParOldGen       total 87552K, used 8K [0x00000000a0000000, 0x00000000a5580000, 0x00000000e0000000)
  object space 87552K, 0% used [0x00000000a0000000,0x00000000a0002000,0x00000000a5580000)
 Metaspace       used 8924K, capacity 9212K, committed 9472K, reserved 1056768K
  class space    used 1152K, capacity 1228K, committed 1280K, reserved 1048576K
Event: 14.651 GC heap after
Heap after GC invocations=2 (full 0):
 PSYoungGen      total 38400K, used 4745K [0x00000000e0000000, 0x00000000e2a80000, 0x0000000100000000)
  eden space 33280K, 0% used [0x00000000e0000000,0x00000000e0000000,0x00000000e2080000)
  from space 5120K, 92% used [0x00000000e2580000,0x00000000e2a225e0,0x00000000e2a80000)
  to   space 5120K, 0% used [0x00000000e2080000,0x00000000e2080000,0x00000000e2580000)
 ParOldGen       total 87552K, used 16K [0x00000000a0000000, 0x00000000a5580000, 0x00000000e0000000)
  object space 87552K, 0% used [0x00000000a0000000,0x00000000a0004000,0x00000000a5580000)
 Metaspace       used 8924K, capacity 9212K, committed 9472K, reserved 1056768K
  class space    used 1152K, capacity 1228K, committed 1280K, reserved 1048576K
}
Event: 15.486 GC heap before
{Heap before GC invocations=3 (full 0):
 PSYoungGen      total 38400K, used 38025K [0x00000000e0000000, 0x00000000e2a80000, 0x0000000100000000)
  eden space 33280K, 100% used [0x00000000e0000000,0x00000000e2080000,0x00000000e2080000)
  from space 5120K, 92% used [0x00000000e2580000,0x00000000e2a225e0,0x00000000e2a80000)
  to   space 5120K, 0% used [0x00000000e2080000,0x00000000e2080000,0x00000000e2580000)
 ParOldGen       total 87552K, used 16K [0x00000000a0000000, 0x00000000a5580000, 0x00000000e0000000)
  object space 87552K, 0% used [0x00000000a0000000,0x00000000a0004000,0x00000000a5580000)
 Metaspace       used 13312K, capacity 13772K, committed 14080K, reserved 1060864K
  class space    used 1825K, capacity 1970K, committed 2048K, reserved 1048576K
Event: 15.497 GC heap after
Heap after GC invocations=3 (full 0):
 PSYoungGen      total 38400K, used 5110K [0x00000000e0000000, 0x00000000e2a80000, 0x0000000100000000)
  eden space 33280K, 0% used [0x00000000e0000000,0x00000000e0000000,0x00000000e2080000)
  from space 5120K, 99% used [0x00000000e2080000,0x00000000e257dac8,0x00000000e2580000)
  to   space 5120K, 0% used [0x00000000e2580000,0x00000000e2580000,0x00000000e2a80000)
 ParOldGen       total 87552K, used 1979K [0x00000000a0000000, 0x00000000a5580000, 0x00000000e0000000)
  object space 87552K, 2% used [0x00000000a0000000,0x00000000a01eed88,0x00000000a5580000)
 Metaspace       used 13312K, capacity 13772K, committed 14080K, reserved 1060864K
  class space    used 1825K, capacity 1970K, committed 2048K, reserved 1048576K
}
Event: 15.903 GC heap before
{Heap before GC invocations=4 (full 0):
 PSYoungGen      total 38400K, used 38390K [0x00000000e0000000, 0x00000000e2a80000, 0x0000000100000000)
  eden space 33280K, 100% used [0x00000000e0000000,0x00000000e2080000,0x00000000e2080000)
  from space 5120K, 99% used [0x00000000e2080000,0x00000000e257dac8,0x00000000e2580000)
  to   space 5120K, 0% used [0x00000000e2580000,0x00000000e2580000,0x00000000e2a80000)
 ParOldGen       total 87552K, used 1979K [0x00000000a0000000, 0x00000000a5580000, 0x00000000e0000000)
  object space 87552K, 2% used [0x00000000a0000000,0x00000000a01eed88,0x00000000a5580000)
 Metaspace       used 16095K, capacity 16540K, committed 16768K, reserved 1062912K
  class space    used 2285K, capacity 2428K, committed 2432K, reserved 1048576K
Event: 15.917 GC heap after
Heap after GC invocations=4 (full 0):
 PSYoungGen      total 38400K, used 5096K [0x00000000e0000000, 0x00000000e4b00000, 0x0000000100000000)
  eden space 33280K, 0% used [0x00000000e0000000,0x00000000e0000000,0x00000000e2080000)
  from space 5120K, 99% used [0x00000000e2580000,0x00000000e2a7a020,0x00000000e2a80000)
  to   space 5120K, 0% used [0x00000000e2080000,0x00000000e2080000,0x00000000e2580000)
 ParOldGen       total 87552K, used 5309K [0x00000000a0000000, 0x00000000a5580000, 0x00000000e0000000)
  object space 87552K, 6% used [0x00000000a0000000,0x00000000a052f7e8,0x00000000a5580000)
 Metaspace       used 16095K, capacity 16540K, committed 16768K, reserved 1062912K
  class space    used 2285K, capacity 2428K, committed 2432K, reserved 1048576K
}

Deoptimization events (10 events):
Event: 15.211 Thread 0x0000000017cf4000 Uncommon trap: reason=unstable_if action=reinterpret pc=0x00000000031d0bb0 method=java.util.concurrent.ConcurrentHashMap.putVal(Ljava/lang/Object;Ljava/lang/Object;Z)Ljava/lang/Object; @ 206
Event: 15.299 Thread 0x0000000018c92800 Uncommon trap: reason=bimorphic action=maybe_recompile pc=0x000000000307790c method=java.util.HashMap.putVal(ILjava/lang/Object;Ljava/lang/Object;ZZ)Ljava/lang/Object; @ 253
Event: 15.299 Thread 0x0000000018c92800 Uncommon trap: reason=bimorphic action=maybe_recompile pc=0x000000000307790c method=java.util.HashMap.putVal(ILjava/lang/Object;Ljava/lang/Object;ZZ)Ljava/lang/Object; @ 253
Event: 15.299 Thread 0x0000000018c92800 Uncommon trap: reason=bimorphic action=maybe_recompile pc=0x000000000307790c method=java.util.HashMap.putVal(ILjava/lang/Object;Ljava/lang/Object;ZZ)Ljava/lang/Object; @ 253
Event: 15.299 Thread 0x0000000018c92800 Uncommon trap: reason=bimorphic action=maybe_recompile pc=0x000000000307790c method=java.util.HashMap.putVal(ILjava/lang/Object;Ljava/lang/Object;ZZ)Ljava/lang/Object; @ 253
Event: 15.510 Thread 0x0000000018c92800 Uncommon trap: reason=class_check action=maybe_recompile pc=0x00000000030dc118 method=java.util.regex.Matcher.match(II)Z @ 86
Event: 15.522 Thread 0x0000000018c92800 Uncommon trap: reason=class_check action=maybe_recompile pc=0x00000000030dc118 method=java.util.regex.Matcher.match(II)Z @ 86
Event: 15.523 Thread 0x0000000018c92800 Uncommon trap: reason=class_check action=maybe_recompile pc=0x00000000030dc118 method=java.util.regex.Matcher.match(II)Z @ 86
Event: 15.523 Thread 0x0000000018c92800 Uncommon trap: reason=class_check action=maybe_recompile pc=0x000000000309861c method=java.util.regex.Matcher.match(II)Z @ 86
Event: 15.770 Thread 0x0000000018c92800 Uncommon trap: reason=unstable_if action=reinterpret pc=0x00000000031c7474 method=java.lang.String.lastIndexOf([CII[CIII)I @ 66

Classes redefined (0 events):
No events

Internal exceptions (10 events):
Event: 15.216 Thread 0x0000000017cf4000 Exception <a 'java/lang/NoSuchMethodError': <clinit>> (0x00000000e0bb9840) thrown at [D:\src\AOSP-openjdk-cygwin\jdk8u\hotspot\src\share\vm\prims\jni.cpp, line 1614]
Event: 15.219 Thread 0x0000000017cf4000 Exception <a 'java/lang/NoSuchMethodError': <clinit>> (0x00000000e0bcca18) thrown at [D:\src\AOSP-openjdk-cygwin\jdk8u\hotspot\src\share\vm\prims\jni.cpp, line 1614]
Event: 15.224 Thread 0x0000000017cf4000 Exception <a 'java/lang/NoSuchMethodError': <clinit>> (0x00000000e0bf3e18) thrown at [D:\src\AOSP-openjdk-cygwin\jdk8u\hotspot\src\share\vm\prims\jni.cpp, line 1614]
Event: 15.225 Thread 0x0000000017cf4000 Exception <a 'java/lang/NoSuchMethodError': <clinit>> (0x00000000e0c0be60) thrown at [D:\src\AOSP-openjdk-cygwin\jdk8u\hotspot\src\share\vm\prims\jni.cpp, line 1614]
Event: 15.226 Thread 0x0000000017cf4000 Exception <a 'java/lang/NoSuchMethodError': <clinit>> (0x00000000e0c14af0) thrown at [D:\src\AOSP-openjdk-cygwin\jdk8u\hotspot\src\share\vm\prims\jni.cpp, line 1614]
Event: 15.228 Thread 0x0000000017cf4000 Exception <a 'java/lang/NoSuchMethodError': <clinit>> (0x00000000e0c2b0e8) thrown at [D:\src\AOSP-openjdk-cygwin\jdk8u\hotspot\src\share\vm\prims\jni.cpp, line 1614]
Event: 15.236 Thread 0x0000000017cf4000 Exception <a 'java/lang/NoSuchMethodError': <clinit>> (0x00000000e0c887a8) thrown at [D:\src\AOSP-openjdk-cygwin\jdk8u\hotspot\src\share\vm\prims\jni.cpp, line 1614]
Event: 15.240 Thread 0x0000000017cf4000 Exception <a 'java/lang/NoSuchMethodError': <clinit>> (0x00000000e0cb5488) thrown at [D:\src\AOSP-openjdk-cygwin\jdk8u\hotspot\src\share\vm\prims\jni.cpp, line 1614]
Event: 15.245 Thread 0x0000000017cf4000 Exception <a 'java/lang/NoSuchMethodError': <clinit>> (0x00000000e0ce3600) thrown at [D:\src\AOSP-openjdk-cygwin\jdk8u\hotspot\src\share\vm\prims\jni.cpp, line 1614]
Event: 15.246 Thread 0x0000000017cf4000 Exception <a 'java/lang/NoSuchMethodError': <clinit>> (0x00000000e0ceea08) thrown at [D:\src\AOSP-openjdk-cygwin\jdk8u\hotspot\src\share\vm\prims\jni.cpp, line 1614]

Events (10 events):
Event: 16.140 loading class org/gradle/execution/TaskSelector
Event: 16.140 loading class org/gradle/execution/TaskSelector done
Event: 16.140 loading class org/gradle/execution/plan/TaskNodeFactory
Event: 16.140 loading class org/gradle/execution/plan/TaskNodeFactory done
Event: 16.141 loading class org/gradle/execution/plan/LocalTaskNodeExecutor
Event: 16.141 loading class org/gradle/execution/plan/LocalTaskNodeExecutor done
Event: 16.141 loading class org/gradle/execution/plan/NodeExecutor
Event: 16.141 loading class org/gradle/execution/plan/NodeExecutor done
Event: 16.141 loading class org/gradle/api/internal/tasks/options/OptionReader
Event: 16.141 loading class org/gradle/api/internal/tasks/options/OptionReader done


Dynamic libraries:
0x00007ff6c7740000 - 0x00007ff6c7771000 	D:\programming\Android\Android Studio\jre\bin\java.exe
0x00007ff84f390000 - 0x00007ff84f53d000 	C:\WINDOWS\SYSTEM32\ntdll.dll
0x00007ff84e0a0000 - 0x00007ff84e1df000 	C:\WINDOWS\system32\KERNEL32.DLL
0x00007ff84c900000 - 0x00007ff84ca16000 	C:\WINDOWS\system32\KERNELBASE.dll
0x00007ff84e8d0000 - 0x00007ff84e97a000 	C:\WINDOWS\system32\ADVAPI32.dll
0x00007ff84f0a0000 - 0x00007ff84f217000 	C:\WINDOWS\system32\USER32.dll
0x00007ff84a5d0000 - 0x00007ff84a84b000 	C:\WINDOWS\WinSxS\amd64_microsoft.windows.common-controls_6595b64144ccf1df_6.0.9600.19394_none_62486577ecb635cf\COMCTL32.dll
0x00007ff84ec60000 - 0x00007ff84ed0a000 	C:\WINDOWS\system32\msvcrt.dll
0x00007ff84ed10000 - 0x00007ff84ed69000 	C:\WINDOWS\SYSTEM32\sechost.dll
0x00007ff84e3a0000 - 0x00007ff84e4e0000 	C:\WINDOWS\system32\RPCRT4.dll
0x00007ff84e5a0000 - 0x00007ff84e6ec000 	C:\WINDOWS\system32\GDI32.dll
0x00007ff84c5f0000 - 0x00007ff84c61e000 	C:\WINDOWS\system32\SspiCli.dll
0x00007ff84e890000 - 0x00007ff84e8c6000 	C:\WINDOWS\system32\IMM32.DLL
0x00007ff84f230000 - 0x00007ff84f382000 	C:\WINDOWS\system32\MSCTF.dll
0x00000000760a0000 - 0x0000000076172000 	D:\programming\Android\Android Studio\jre\jre\bin\msvcr100.dll
0x0000000076180000 - 0x00000000769c6000 	D:\programming\Android\Android Studio\jre\jre\bin\server\jvm.dll
0x00007ff842980000 - 0x00007ff842989000 	C:\WINDOWS\SYSTEM32\WSOCK32.dll
0x00007ff8475b0000 - 0x00007ff8475d2000 	C:\WINDOWS\SYSTEM32\WINMM.dll
0x00007ff8478a0000 - 0x00007ff8478aa000 	C:\WINDOWS\SYSTEM32\VERSION.dll
0x00007ff84f030000 - 0x00007ff84f037000 	C:\WINDOWS\system32\PSAPI.DLL
0x00007ff84e9e0000 - 0x00007ff84ea3a000 	C:\WINDOWS\system32\WS2_32.dll
0x00007ff8474f0000 - 0x00007ff84751a000 	C:\WINDOWS\SYSTEM32\WINMMBASE.dll
0x00007ff84f020000 - 0x00007ff84f029000 	C:\WINDOWS\system32\NSI.dll
0x00007ff84c800000 - 0x00007ff84c84f000 	C:\WINDOWS\SYSTEM32\cfgmgr32.dll
0x00007ff84b2e0000 - 0x00007ff84b308000 	C:\WINDOWS\SYSTEM32\DEVOBJ.dll
0x00007ff8493f0000 - 0x00007ff8493ff000 	D:\programming\Android\Android Studio\jre\jre\bin\verify.dll
0x00007ff83aa30000 - 0x00007ff83aa59000 	D:\programming\Android\Android Studio\jre\jre\bin\java.dll
0x00007ff845e70000 - 0x00007ff845e86000 	D:\programming\Android\Android Studio\jre\jre\bin\zip.dll
0x00007ff84cb70000 - 0x00007ff84e09b000 	C:\WINDOWS\system32\SHELL32.dll
0x00007ff84ea50000 - 0x00007ff84ec60000 	C:\WINDOWS\SYSTEM32\combase.dll
0x00007ff84f040000 - 0x00007ff84f094000 	C:\WINDOWS\system32\SHLWAPI.dll
0x00007ff84aa50000 - 0x00007ff84ab02000 	C:\WINDOWS\SYSTEM32\SHCORE.dll
0x00007ff84c4c0000 - 0x00007ff84c4d5000 	C:\WINDOWS\SYSTEM32\profapi.dll
0x00007ff83c5f0000 - 0x00007ff83c60a000 	D:\programming\Android\Android Studio\jre\jre\bin\net.dll
0x00007ff84bcf0000 - 0x00007ff84bd49000 	C:\WINDOWS\system32\mswsock.dll
0x00007ff83bb00000 - 0x00007ff83bb11000 	D:\programming\Android\Android Studio\jre\jre\bin\nio.dll
0x00007ff835a10000 - 0x00007ff835a36000 	C:\Users\Zhang\.gradle\native\29\windows-amd64\native-platform.dll
0x00007ff846c50000 - 0x00007ff846c5d000 	D:\programming\Android\Android Studio\jre\jre\bin\management.dll
0x00007ff84bd50000 - 0x00007ff84bd70000 	C:\WINDOWS\SYSTEM32\CRYPTSP.dll
0x00007ff84b970000 - 0x00007ff84b9a6000 	C:\WINDOWS\system32\rsaenh.dll
0x00007ff84bfa0000 - 0x00007ff84bfc6000 	C:\WINDOWS\SYSTEM32\bcrypt.dll
0x00007ff84ba80000 - 0x00007ff84baa1000 	C:\WINDOWS\SYSTEM32\USERENV.dll
0x00007ff84c2c0000 - 0x00007ff84c323000 	C:\WINDOWS\system32\bcryptprimitives.dll
0x00007ff84c330000 - 0x00007ff84c33b000 	C:\WINDOWS\SYSTEM32\CRYPTBASE.dll
0x00007ff8482d0000 - 0x00007ff8482fa000 	C:\WINDOWS\SYSTEM32\IPHLPAPI.DLL
0x00007ff847de0000 - 0x00007ff847dea000 	C:\WINDOWS\SYSTEM32\WINNSI.DLL
0x00007ff8453e0000 - 0x00007ff8453f6000 	C:\WINDOWS\SYSTEM32\dhcpcsvc6.DLL
0x00007ff845600000 - 0x00007ff84561a000 	C:\WINDOWS\SYSTEM32\dhcpcsvc.DLL
0x00007ff846d40000 - 0x00007ff846ec9000 	C:\WINDOWS\SYSTEM32\dbghelp.dll

VM Arguments:
jvm_args: -Xmx1536m -Dfile.encoding=GBK -Duser.country=CN -Duser.language=zh -Duser.variant 
java_command: org.gradle.launcher.daemon.bootstrap.GradleDaemon 5.4.1
java_class_path (initial): C:\Users\Zhang\.gradle\wrapper\dists\gradle-5.4.1-all\3221gyojl5jsh0helicew7rwx\gradle-5.4.1\lib\gradle-launcher-5.4.1.jar
Launcher Type: SUN_STANDARD

Environment Variables:
JAVA_HOME=D:\programming\Java\jdk1.6.0_45
PATH=C:\Program Files\Broadcom\Broadcom 802.11;C:\Program Files (x86)\NVIDIA Corporation\PhysX\Common;C:\Program Files (x86)\Intel\iCLS Client\;C:\Program Files\Intel\iCLS Client\;C:\WINDOWS\system32;C:\WINDOWS;C:\WINDOWS\System32\Wbem;C:\WINDOWS\System32\WindowsPowerShell\v1.0\;C:\Program Files\Hewlett-Packard\SimplePass\;C:\Program Files\Intel\Intel(R) Management Engine Components\DAL;C:\Program Files (x86)\Intel\Intel(R) Management Engine Components\DAL;C:\Program Files\Intel\Intel(R) Management Engine Components\IPT;C:\Program Files (x86)\Intel\Intel(R) Management Engine Components\IPT;C:\Program Files (x86)\iFLYTEK\VoiceAssistant\SpeechPlusRuntime;D:\programming\Java\jdk1.6.0_45\bin;D:\programming\Java\jdk1.6.0_45\jre\bin;D:\programming\nodejs\;D:\programming\Git\cmd;C:\Program Files\MySQL\MySQL Server 5.7\bin;C:\Program Files\MySQL\MySQL Utilities 1.6\;;D:\programming\微信小程序\Microsoft VS Code\bin;C:\Users\Zhang\AppData\Roaming\npm
USERNAME=Zhang
OS=Windows_NT
PROCESSOR_IDENTIFIER=Intel64 Family 6 Model 61 Stepping 4, GenuineIntel



---------------  S Y S T E M  ---------------

OS: Windows 8.1 , 64 bit Build 9600 (6.3.9600.19538)

CPU:total 4 (initial active 4) (2 cores per cpu, 2 threads per core) family 6 model 61 stepping 4, cmov, cx8, fxsr, mmx, sse, sse2, sse3, ssse3, sse4.1, sse4.2, popcnt, avx, avx2, aes, clmul, erms, 3dnowpref, lzcnt, ht, tsc, tscinvbit, bmi1, bmi2, adx

Memory: 4k page, physical 8309016k(2961176k free), swap 16697624k(11329492k free)

vm_info: OpenJDK 64-Bit Server VM (25.202-b03) for windows-amd64 JRE (1.8.0_202-release-1483-b03), built by "builder" with MS VC++ 10.0 (VS2010)

time: Mon Nov 25 20:57:28 2019
timezone: 中国标准时间
elapsed time: 16 seconds (0d 0h 0m 16s)

